<?xml version="1.0" encoding="UTF-8" ?>
<testsuite tests="1" failures="0" name="com.itheima.test.MybatisTest" time="0.651" errors="0" skipped="0">
  <properties>
    <property name="idea.version" value="2021.1"/>
    <property name="java.runtime.name" value="OpenJDK Runtime Environment"/>
    <property name="sun.boot.library.path" value="E:\files\jdk1.8\jre\bin"/>
    <property name="java.vm.version" value="25.332-b08"/>
    <property name="java.vm.vendor" value="Amazon.com Inc."/>
    <property name="maven.multiModuleProjectDirectory" value="E:\javatools\shiyanmaven"/>
    <property name="java.vendor.url" value="https://aws.amazon.com/corretto/"/>
    <property name="path.separator" value=";"/>
    <property name="guice.disable.misplaced.annotation.check" value="true"/>
    <property name="java.vm.name" value="OpenJDK 64-Bit Server VM"/>
    <property name="file.encoding.pkg" value="sun.io"/>
    <property name="user.script" value=""/>
    <property name="user.country" value="CN"/>
    <property name="sun.java.launcher" value="SUN_STANDARD"/>
    <property name="sun.os.patch.level" value=""/>
    <property name="java.vm.specification.name" value="Java Virtual Machine Specification"/>
    <property name="user.dir" value="E:\javatools\shiyanmaven"/>
    <property name="java.runtime.version" value="1.8.0_332-b08"/>
    <property name="java.awt.graphicsenv" value="sun.awt.Win32GraphicsEnvironment"/>
    <property name="java.endorsed.dirs" value="E:\files\jdk1.8\jre\lib\endorsed"/>
    <property name="os.arch" value="amd64"/>
    <property name="java.io.tmpdir" value="C:\Users\火山龙\AppData\Local\Temp\"/>
    <property name="line.separator" value="
"/>
    <property name="java.vm.specification.vendor" value="Oracle Corporation"/>
    <property name="user.variant" value=""/>
    <property name="os.name" value="Windows 10"/>
    <property name="maven.ext.class.path" value="E:\javatools\IntelliJ IDEA 2021.1\plugins\maven\lib\maven-event-listener.jar"/>
    <property name="classworlds.conf" value="E:\javatools\Maven\apache-maven-3.6.3\bin\m2.conf"/>
    <property name="sun.jnu.encoding" value="GBK"/>
    <property name="java.library.path" value="E:\files\jdk1.8\bin;C:\Windows\Sun\Java\bin;C:\Windows\system32;C:\Windows;C:\Windows\system32;C:\Windows;C:\Windows\System32\Wbem;C:\Windows\System32\WindowsPowerShell\v1.0\;C:\Windows\System32\OpenSSH\;C:\Users\火山龙\Desktop\Gpg4win\..\GnuPG\bin;E:\files\Gpg4win\..\GnuPG\bin;E:\files\jdk-18\bin;E:\files\jdk-18\jre\bin;E:\\files\mysql\mysql-5.7.38-winx64\bin;E:\files\nodejs\;E:\files\nodejs\node_global;%NODE_HOME%;E:\javatools\Maven\apache-maven-3.8.5\bin;C:\Users\火山龙\AppData\Local\Microsoft\WindowsApps;E:\Program Files (x86)\Nmap;E:\javatools\IntelliJ IDEA 2021.1\bin;;E:\files\nodejs\node_global;;."/>
    <property name="maven.conf" value="E:\javatools\Maven\apache-maven-3.6.3/conf"/>
    <property name="java.specification.name" value="Java Platform API Specification"/>
    <property name="java.class.version" value="52.0"/>
    <property name="sun.management.compiler" value="HotSpot 64-Bit Tiered Compilers"/>
    <property name="maven.repo.local" value="E:\javatools\Maven\apache-maven-3.6.3\repo"/>
    <property name="os.version" value="10.0"/>
    <property name="user.home" value="C:\Users\火山龙"/>
    <property name="user.timezone" value="Asia/Shanghai"/>
    <property name="java.awt.printerjob" value="sun.awt.windows.WPrinterJob"/>
    <property name="java.specification.version" value="1.8"/>
    <property name="file.encoding" value="UTF-8"/>
    <property name="user.name" value="火山龙"/>
    <property name="java.class.path" value="E:\javatools\Maven\apache-maven-3.6.3\boot\plexus-classworlds-2.6.0.jar;E:\javatools\Maven\apache-maven-3.6.3\boot\plexus-classworlds.license;E:\javatools\IntelliJ IDEA 2021.1\lib\idea_rt.jar"/>
    <property name="java.vm.specification.version" value="1.8"/>
    <property name="sun.arch.data.model" value="64"/>
    <property name="java.home" value="E:\files\jdk1.8\jre"/>
    <property name="sun.java.command" value="org.codehaus.classworlds.Launcher -Didea.version=2021.1 -s E:\javatools\Maven\apache-maven-3.6.3\conf\settings.xml -Dmaven.repo.local=E:\javatools\Maven\apache-maven-3.6.3\repo test"/>
    <property name="java.specification.vendor" value="Oracle Corporation"/>
    <property name="user.language" value="zh"/>
    <property name="awt.toolkit" value="sun.awt.windows.WToolkit"/>
    <property name="java.vm.info" value="mixed mode"/>
    <property name="java.version" value="1.8.0_332"/>
    <property name="java.ext.dirs" value="E:\files\jdk1.8\jre\lib\ext;C:\Windows\Sun\Java\lib\ext"/>
    <property name="sun.boot.class.path" value="E:\files\jdk1.8\jre\lib\resources.jar;E:\files\jdk1.8\jre\lib\rt.jar;E:\files\jdk1.8\jre\lib\sunrsasign.jar;E:\files\jdk1.8\jre\lib\jsse.jar;E:\files\jdk1.8\jre\lib\jce.jar;E:\files\jdk1.8\jre\lib\charsets.jar;E:\files\jdk1.8\jre\lib\jfr.jar;E:\files\jdk1.8\jre\classes"/>
    <property name="java.vendor" value="Amazon.com Inc."/>
    <property name="maven.home" value="E:\javatools\Maven\apache-maven-3.6.3"/>
    <property name="file.separator" value="\"/>
    <property name="java.vendor.url.bug" value="https://github.com/corretto/corretto-8/issues/"/>
    <property name="sun.cpu.endian" value="little"/>
    <property name="sun.io.unicode.encoding" value="UnicodeLittle"/>
    <property name="sun.desktop" value="windows"/>
    <property name="sun.cpu.isalist" value="amd64"/>
  </properties>
  <testcase classname="com.itheima.test.MybatisTest" name="testselectAll" time="0.651"/>
</testsuite>